Started by user [8mha:AAAAlh+LCAAAAAAAAP9b85aBtbiIQTGjNKU4P08vOT+vOD8nVc83PyU1x6OyILUoJzMv2y+/JJUBAhiZGBgqihhk0NSjKDWzXb3RdlLBUSYGJk8GtpzUvPSSDB8G5tKinBIGIZ+sxLJE/ZzEvHT94JKizLx0a6BxUmjGOUNodHsLgAzOEgYu/dLi1CL9vNKcHACFIKlWvwAAAA==[0manonymous
Building on master in workspace /Users/sa/workspace/calm-jenkins-integration/work/jobs/testflow/workspace
##Executing Calm Integration Plugin Build Step##
##Calm Communicator Initialized##
HTTP POST to:http://temp.calm.io/public/api/1/default/applications/flows/run
With body:{"application_name":"kola1", "flow_name":"up"}
Waiting for App: 575d367515b1d33572597d19 and flow: 575d37c115b1d32d0f109f7d to reach: SUCCESS
ERROR: Build step failed with exception
[8mha:AAAAWB+LCAAAAAAAAP9b85aBtbiIQSmjNKU4P08vOT+vOD8nVc8DzHWtSE4tKMnMz/PLL0ldFVf2c+b/lb5MDAwVRQxSaBqcITRIIQMEMIIUFgAAckCEiWAAAAA=[0morg.json.JSONException: JSONArray[0] not found.
	at org.json.JSONArray.get(JSONArray.java:199)
	at org.json.JSONArray.getJSONObject(JSONArray.java:362)
	at com.calmio.calm.integration.Helpers.CalmCommunicator.waitForAppFlowRunStatus(CalmCommunicator.java:112)
	at com.calmio.calm.integration.Helpers.CalmCommunicator.runFlowInApp(CalmCommunicator.java:128)
	at com.calmio.calm.integration.CalmIntegrationLeader.perform(CalmIntegrationLeader.java:72)
	at hudson.tasks.BuildStepMonitor$1.perform(BuildStepMonitor.java:20)
	at hudson.model.AbstractBuild$AbstractBuildExecution.perform(AbstractBuild.java:785)
	at hudson.model.Build$BuildExecution.build(Build.java:205)
	at hudson.model.Build$BuildExecution.doRun(Build.java:162)
	at hudson.model.AbstractBuild$AbstractBuildExecution.run(AbstractBuild.java:537)
	at hudson.model.Run.execute(Run.java:1741)
	at hudson.model.FreeStyleBuild.run(FreeStyleBuild.java:43)
	at hudson.model.ResourceController.execute(ResourceController.java:98)
	at hudson.model.Executor.run(Executor.java:408)
Build step 'Calm Integration' marked build as failure
Finished: FAILURE
